<?xml version="1.0" encoding="UTF-8"?>
<testsuite xmlns:xsi="http://www.w3.org/2001/XMLSchema-instance" xsi:noNamespaceSchemaLocation="https://maven.apache.org/surefire/maven-surefire-plugin/xsd/surefire-test-report.xsd" version="3.0.2" name="com.specification.service.service.auth.impl.AuthServiceImplTest" time="6.019" tests="2" errors="0" skipped="0" failures="0">
  <properties>
[...]
</properties>
  <testcase name="authenticate_rejectsMissingUsers" classname="com.specification.service.service.auth.impl.AuthServiceImplTest" time="5.963">
    <system-err><![CDATA[Mockito is currently self-attaching to enable the inline-mock-maker. This will no longer work in future releases of the JDK. Please add Mockito as an agent to your build what is described in Mockito's documentation: https://javadoc.io/doc/org.mockito/mockito-core/latest/org/mockito/Mockito.html#0.3
WARNING: A Java agent has been loaded dynamically (C:\Users\2804667\.m2\repository\net\bytebuddy\byte-buddy-agent\1.15.11\byte-buddy-agent-1.15.11.jar)
WARNING: If a serviceability tool is in use, please run with -XX:+EnableDynamicAgentLoading to hide this warning
WARNING: If a serviceability tool is not in use, please run with -Djdk.instrument.traceUsage for more information
WARNING: Dynamic loading of agents will be disallowed by default in a future release
]]></system-err>
  </testcase>
  <testcase name="authenticate_acceptsValidCredential" classname="com.specification.service.service.auth.impl.AuthServiceImplTest" time="0.046">
    <system-out><![CDATA[2026-06-15T23:43:17.842+05:30  INFO 2272 --- [           main] c.s.s.s.user.auth.impl.AuthServiceImpl   : Authentication successful for email=test@mail.com
]]></system-out>
  </testcase>
</testsuite>